<?xml version="1.0" encoding="UTF-8"?>
<testsuite xmlns:xsi="http://www.w3.org/2001/XMLSchema-instance" xsi:noNamespaceSchemaLocation="https://maven.apache.org/surefire/maven-surefire-plugin/xsd/surefire-test-report-3.0.xsd" version="3.0" name="com.scheduler.service.SendEmailTest" time="0.039" tests="1" errors="0" skipped="0" failures="0">
  <properties>
[...]
</properties>
  <testcase name="shouldSendEmail" classname="com.scheduler.service.SendEmailTest" time="0.038">
    <system-out><![CDATA[2025-04-21T16:53:50.608-03:00  INFO 9427 --- [           main] com.scheduler.service.SendEmail          : Sending scheduled email
2025-04-21T16:53:50.608-03:00  INFO 9427 --- [           main] com.scheduler.service.SendEmail          : Email scheduled sent
]]></system-out>
  </testcase>
</testsuite>